{"D:\\marianna\\calorie-tracker\\src\\data\\foodDatabase.js": {"path":"D:\\marianna\\calorie-tracker\\src\\data\\foodDatabase.js","statementMap":{"0":{"start":{"line":1,"column":29},"end":{"line":63,"column":null}},"1":{"start":{"line":65,"column":31},"end":{"line":65,"column":79}},"2":{"start":{"line":65,"column":66},"end":{"line":65,"column":77}},"3":{"start":{"line":67,"column":21},"end":{"line":72,"column":null}},"4":{"start":{"line":74,"column":21},"end":{"line":135,"column":null}},"5":{"start":{"line":137,"column":13},"end":{"line":142,"column":null}},"6":{"start":{"line":138,"column":2},"end":{"line":138,"column":null}},"7":{"start":{"line":138,"column":37},"end":{"line":138,"column":null}},"8":{"start":{"line":139,"column":21},"end":{"line":139,"column":40}},"9":{"start":{"line":140,"column":2},"end":{"line":142,"column":null}},"10":{"start":{"line":141,"column":4},"end":{"line":141,"column":48}}},"fnMap":{"0":{"name":"(anonymous_0)","decl":{"start":{"line":65,"column":57},"end":{"line":65,"column":61}},"loc":{"start":{"line":65,"column":66},"end":{"line":65,"column":77}},"line":65},"1":{"name":"(anonymous_1)","decl":{"start":{"line":137,"column":13},"end":{"line":137,"column":28}},"loc":{"start":{"line":137,"column":38},"end":{"line":142,"column":null}},"line":137},"2":{"name":"(anonymous_2)","decl":{"start":{"line":140,"column":22},"end":{"line":140,"column":29}},"loc":{"start":{"line":141,"column":4},"end":{"line":141,"column":48}},"line":141}},"branchMap":{"0":{"loc":{"start":{"line":138,"column":2},"end":{"line":138,"column":null}},"type":"if","locations":[{"start":{"line":138,"column":2},"end":{"line":138,"column":null}},{"start":{},"end":{}}],"line":138},"1":{"loc":{"start":{"line":138,"column":6},"end":{"line":138,"column":37}},"type":"binary-expr","locations":[{"start":{"line":138,"column":6},"end":{"line":138,"column":16}},{"start":{"line":138,"column":16},"end":{"line":138,"column":37}}],"line":138}},"s":{"0":1,"1":1,"2":48,"3":1,"4":1,"5":1,"6":2,"7":0,"8":2,"9":2,"10":96},"f":{"0":48,"1":2,"2":96},"b":{"0":[0,2],"1":[2,2]},"meta":{"lastBranch":2,"lastFunction":3,"lastStatement":11,"seen":{"s:1:29:63:Infinity":0,"s:65:31:65:79":1,"f:65:57:65:61":0,"s:65:66:65:77":2,"s:67:21:72:Infinity":3,"s:74:21:135:Infinity":4,"s:137:13:142:Infinity":5,"f:137:13:137:28":1,"b:138:2:138:Infinity:undefined:undefined:undefined:undefined":0,"s:138:2:138:Infinity":6,"b:138:6:138:16:138:16:138:37":1,"s:138:37:138:Infinity":7,"s:139:21:139:40":8,"s:140:2:142:Infinity":9,"f:140:22:140:29":2,"s:141:4:141:48":10}}}
,"D:\\marianna\\calorie-tracker\\src\\utils\\helpers.js": {"path":"D:\\marianna\\calorie-tracker\\src\\utils\\helpers.js","statementMap":{"0":{"start":{"line":1,"column":13},"end":{"line":3,"column":null}},"1":{"start":{"line":2,"column":2},"end":{"line":2,"column":null}},"2":{"start":{"line":2,"column":40},"end":{"line":2,"column":null}},"3":{"start":{"line":3,"column":2},"end":{"line":3,"column":null}},"4":{"start":{"line":3,"column":39},"end":{"line":3,"column":67}},"5":{"start":{"line":7,"column":13},"end":{"line":11,"column":null}},"6":{"start":{"line":8,"column":2},"end":{"line":8,"column":null}},"7":{"start":{"line":8,"column":40},"end":{"line":8,"column":null}},"8":{"start":{"line":9,"column":2},"end":{"line":11,"column":null}},"9":{"start":{"line":10,"column":20},"end":{"line":10,"column":47}},"10":{"start":{"line":11,"column":27},"end":{"line":11,"column":55}},"11":{"start":{"line":15,"column":13},"end":{"line":18,"column":null}},"12":{"start":{"line":16,"column":2},"end":{"line":16,"column":null}},"13":{"start":{"line":16,"column":26},"end":{"line":16,"column":null}},"14":{"start":{"line":17,"column":22},"end":{"line":17,"column":null}},"15":{"start":{"line":18,"column":2},"end":{"line":18,"column":null}},"16":{"start":{"line":21,"column":13},"end":{"line":22,"column":null}},"17":{"start":{"line":22,"column":2},"end":{"line":22,"column":null}},"18":{"start":{"line":25,"column":13},"end":{"line":26,"column":null}},"19":{"start":{"line":26,"column":2},"end":{"line":26,"column":null}},"20":{"start":{"line":29,"column":13},"end":{"line":39,"column":null}},"21":{"start":{"line":30,"column":2},"end":{"line":30,"column":null}},"22":{"start":{"line":30,"column":31},"end":{"line":30,"column":null}},"23":{"start":{"line":31,"column":2},"end":{"line":39,"column":null}},"24":{"start":{"line":32,"column":21},"end":{"line":37,"column":null}},"25":{"start":{"line":42,"column":13},"end":{"line":54,"column":null}},"26":{"start":{"line":44,"column":2},"end":{"line":44,"column":null}},"27":{"start":{"line":44,"column":26},"end":{"line":44,"column":null}},"28":{"start":{"line":45,"column":2},"end":{"line":45,"column":null}},"29":{"start":{"line":45,"column":29},"end":{"line":45,"column":null}},"30":{"start":{"line":47,"column":17},"end":{"line":47,"column":19}},"31":{"start":{"line":48,"column":2},"end":{"line":52,"column":null}},"32":{"start":{"line":48,"column":15},"end":{"line":48,"column":18}},"33":{"start":{"line":49,"column":17},"end":{"line":49,"column":null}},"34":{"start":{"line":50,"column":4},"end":{"line":52,"column":null}},"35":{"start":{"line":51,"column":22},"end":{"line":51,"column":45}},"36":{"start":{"line":52,"column":29},"end":{"line":52,"column":57}},"37":{"start":{"line":54,"column":2},"end":{"line":54,"column":null}},"38":{"start":{"line":57,"column":13},"end":{"line":60,"column":null}},"39":{"start":{"line":58,"column":2},"end":{"line":58,"column":null}},"40":{"start":{"line":58,"column":28},"end":{"line":58,"column":null}},"41":{"start":{"line":59,"column":22},"end":{"line":59,"column":null}},"42":{"start":{"line":60,"column":2},"end":{"line":60,"column":null}},"43":{"start":{"line":63,"column":13},"end":{"line":69,"column":null}},"44":{"start":{"line":64,"column":2},"end":{"line":64,"column":null}},"45":{"start":{"line":64,"column":13},"end":{"line":64,"column":null}},"46":{"start":{"line":65,"column":2},"end":{"line":69,"column":null}},"47":{"start":{"line":72,"column":13},"end":{"line":77,"column":null}},"48":{"start":{"line":73,"column":2},"end":{"line":73,"column":null}},"49":{"start":{"line":73,"column":13},"end":{"line":73,"column":null}},"50":{"start":{"line":74,"column":2},"end":{"line":77,"column":null}},"51":{"start":{"line":80,"column":13},"end":{"line":87,"column":null}},"52":{"start":{"line":81,"column":15},"end":{"line":81,"column":17}},"53":{"start":{"line":82,"column":2},"end":{"line":85,"column":null}},"54":{"start":{"line":82,"column":15},"end":{"line":82,"column":18}},"55":{"start":{"line":83,"column":17},"end":{"line":83,"column":27}},"56":{"start":{"line":84,"column":4},"end":{"line":84,"column":null}},"57":{"start":{"line":85,"column":4},"end":{"line":85,"column":null}},"58":{"start":{"line":87,"column":2},"end":{"line":87,"column":null}}},"fnMap":{"0":{"name":"(anonymous_0)","decl":{"start":{"line":1,"column":13},"end":{"line":1,"column":39}},"loc":{"start":{"line":1,"column":51},"end":{"line":3,"column":null}},"line":1},"1":{"name":"(anonymous_1)","decl":{"start":{"line":3,"column":17},"end":{"line":3,"column":25}},"loc":{"start":{"line":3,"column":39},"end":{"line":3,"column":67}},"line":3},"2":{"name":"(anonymous_2)","decl":{"start":{"line":7,"column":13},"end":{"line":7,"column":38}},"loc":{"start":{"line":7,"column":60},"end":{"line":11,"column":null}},"line":7},"3":{"name":"(anonymous_3)","decl":{"start":{"line":10,"column":5},"end":{"line":10,"column":12}},"loc":{"start":{"line":10,"column":20},"end":{"line":10,"column":47}},"line":10},"4":{"name":"(anonymous_4)","decl":{"start":{"line":11,"column":5},"end":{"line":11,"column":13}},"loc":{"start":{"line":11,"column":27},"end":{"line":11,"column":55}},"line":11},"5":{"name":"(anonymous_5)","decl":{"start":{"line":15,"column":13},"end":{"line":15,"column":38}},"loc":{"start":{"line":15,"column":56},"end":{"line":18,"column":null}},"line":15},"6":{"name":"(anonymous_6)","decl":{"start":{"line":21,"column":13},"end":{"line":21,"column":33}},"loc":{"start":{"line":21,"column":33},"end":{"line":22,"column":null}},"line":21},"7":{"name":"(anonymous_7)","decl":{"start":{"line":25,"column":13},"end":{"line":25,"column":32}},"loc":{"start":{"line":25,"column":32},"end":{"line":26,"column":null}},"line":25},"8":{"name":"(anonymous_8)","decl":{"start":{"line":29,"column":13},"end":{"line":29,"column":30}},"loc":{"start":{"line":29,"column":47},"end":{"line":39,"column":null}},"line":29},"9":{"name":"(anonymous_9)","decl":{"start":{"line":31,"column":17},"end":{"line":31,"column":null}},"loc":{"start":{"line":32,"column":21},"end":{"line":37,"column":null}},"line":32},"10":{"name":"(anonymous_10)","decl":{"start":{"line":42,"column":13},"end":{"line":42,"column":31}},"loc":{"start":{"line":42,"column":50},"end":{"line":54,"column":null}},"line":42},"11":{"name":"(anonymous_11)","decl":{"start":{"line":51,"column":7},"end":{"line":51,"column":14}},"loc":{"start":{"line":51,"column":22},"end":{"line":51,"column":45}},"line":51},"12":{"name":"(anonymous_12)","decl":{"start":{"line":52,"column":7},"end":{"line":52,"column":15}},"loc":{"start":{"line":52,"column":29},"end":{"line":52,"column":57}},"line":52},"13":{"name":"(anonymous_13)","decl":{"start":{"line":57,"column":13},"end":{"line":57,"column":31}},"loc":{"start":{"line":57,"column":50},"end":{"line":60,"column":null}},"line":57},"14":{"name":"(anonymous_14)","decl":{"start":{"line":63,"column":13},"end":{"line":63,"column":31}},"loc":{"start":{"line":63,"column":40},"end":{"line":69,"column":null}},"line":63},"15":{"name":"(anonymous_15)","decl":{"start":{"line":72,"column":13},"end":{"line":72,"column":27}},"loc":{"start":{"line":72,"column":36},"end":{"line":77,"column":null}},"line":72},"16":{"name":"(anonymous_16)","decl":{"start":{"line":80,"column":13},"end":{"line":80,"column":34}},"loc":{"start":{"line":80,"column":34},"end":{"line":87,"column":null}},"line":80}},"branchMap":{"0":{"loc":{"start":{"line":2,"column":2},"end":{"line":2,"column":null}},"type":"if","locations":[{"start":{"line":2,"column":2},"end":{"line":2,"column":null}},{"start":{},"end":{}}],"line":2},"1":{"loc":{"start":{"line":2,"column":6},"end":{"line":2,"column":40}},"type":"binary-expr","locations":[{"start":{"line":2,"column":6},"end":{"line":2,"column":18}},{"start":{"line":2,"column":18},"end":{"line":2,"column":40}}],"line":2},"2":{"loc":{"start":{"line":3,"column":46},"end":{"line":3,"column":67}},"type":"binary-expr","locations":[{"start":{"line":3,"column":46},"end":{"line":3,"column":63}},{"start":{"line":3,"column":63},"end":{"line":3,"column":67}}],"line":3},"3":{"loc":{"start":{"line":8,"column":2},"end":{"line":8,"column":null}},"type":"if","locations":[{"start":{"line":8,"column":2},"end":{"line":8,"column":null}},{"start":{},"end":{}}],"line":8},"4":{"loc":{"start":{"line":8,"column":6},"end":{"line":8,"column":40}},"type":"binary-expr","locations":[{"start":{"line":8,"column":6},"end":{"line":8,"column":18}},{"start":{"line":8,"column":18},"end":{"line":8,"column":40}}],"line":8},"5":{"loc":{"start":{"line":11,"column":34},"end":{"line":11,"column":55}},"type":"binary-expr","locations":[{"start":{"line":11,"column":34},"end":{"line":11,"column":51}},{"start":{"line":11,"column":51},"end":{"line":11,"column":55}}],"line":11},"6":{"loc":{"start":{"line":16,"column":2},"end":{"line":16,"column":null}},"type":"if","locations":[{"start":{"line":16,"column":2},"end":{"line":16,"column":null}},{"start":{},"end":{}}],"line":16},"7":{"loc":{"start":{"line":16,"column":6},"end":{"line":16,"column":26}},"type":"binary-expr","locations":[{"start":{"line":16,"column":6},"end":{"line":16,"column":15}},{"start":{"line":16,"column":15},"end":{"line":16,"column":26}}],"line":16},"8":{"loc":{"start":{"line":18,"column":9},"end":{"line":18,"column":56}},"type":"cond-expr","locations":[{"start":{"line":18,"column":28},"end":{"line":18,"column":34}},{"start":{"line":18,"column":34},"end":{"line":18,"column":56}}],"line":18},"9":{"loc":{"start":{"line":29,"column":30},"end":{"line":29,"column":42}},"type":"default-arg","locations":[{"start":{"line":29,"column":40},"end":{"line":29,"column":42}}],"line":29},"10":{"loc":{"start":{"line":30,"column":2},"end":{"line":30,"column":null}},"type":"if","locations":[{"start":{"line":30,"column":2},"end":{"line":30,"column":null}},{"start":{},"end":{}}],"line":30},"11":{"loc":{"start":{"line":33,"column":32},"end":{"line":33,"column":null}},"type":"binary-expr","locations":[{"start":{"line":33,"column":32},"end":{"line":33,"column":54}},{"start":{"line":33,"column":58},"end":{"line":33,"column":null}}],"line":33},"12":{"loc":{"start":{"line":34,"column":30},"end":{"line":34,"column":null}},"type":"binary-expr","locations":[{"start":{"line":34,"column":30},"end":{"line":34,"column":51}},{"start":{"line":34,"column":55},"end":{"line":34,"column":null}}],"line":34},"13":{"loc":{"start":{"line":35,"column":22},"end":{"line":35,"column":null}},"type":"binary-expr","locations":[{"start":{"line":35,"column":22},"end":{"line":35,"column":39}},{"start":{"line":35,"column":43},"end":{"line":35,"column":null}}],"line":35},"14":{"loc":{"start":{"line":36,"column":26},"end":{"line":36,"column":null}},"type":"binary-expr","locations":[{"start":{"line":36,"column":26},"end":{"line":36,"column":45}},{"start":{"line":36,"column":49},"end":{"line":36,"column":null}}],"line":36},"15":{"loc":{"start":{"line":44,"column":2},"end":{"line":44,"column":null}},"type":"if","locations":[{"start":{"line":44,"column":2},"end":{"line":44,"column":null}},{"start":{},"end":{}}],"line":44},"16":{"loc":{"start":{"line":44,"column":6},"end":{"line":44,"column":26}},"type":"binary-expr","locations":[{"start":{"line":44,"column":6},"end":{"line":44,"column":18}},{"start":{"line":44,"column":18},"end":{"line":44,"column":26}}],"line":44},"17":{"loc":{"start":{"line":45,"column":2},"end":{"line":45,"column":null}},"type":"if","locations":[{"start":{"line":45,"column":2},"end":{"line":45,"column":null}},{"start":{},"end":{}}],"line":45},"18":{"loc":{"start":{"line":52,"column":36},"end":{"line":52,"column":57}},"type":"binary-expr","locations":[{"start":{"line":52,"column":36},"end":{"line":52,"column":53}},{"start":{"line":52,"column":53},"end":{"line":52,"column":57}}],"line":52},"19":{"loc":{"start":{"line":58,"column":2},"end":{"line":58,"column":null}},"type":"if","locations":[{"start":{"line":58,"column":2},"end":{"line":58,"column":null}},{"start":{},"end":{}}],"line":58},"20":{"loc":{"start":{"line":58,"column":6},"end":{"line":58,"column":28}},"type":"binary-expr","locations":[{"start":{"line":58,"column":6},"end":{"line":58,"column":16}},{"start":{"line":58,"column":16},"end":{"line":58,"column":28}}],"line":58},"21":{"loc":{"start":{"line":60,"column":9},"end":{"line":60,"column":56}},"type":"cond-expr","locations":[{"start":{"line":60,"column":28},"end":{"line":60,"column":34}},{"start":{"line":60,"column":34},"end":{"line":60,"column":56}}],"line":60},"22":{"loc":{"start":{"line":64,"column":2},"end":{"line":64,"column":null}},"type":"if","locations":[{"start":{"line":64,"column":2},"end":{"line":64,"column":null}},{"start":{},"end":{}}],"line":64},"23":{"loc":{"start":{"line":73,"column":2},"end":{"line":73,"column":null}},"type":"if","locations":[{"start":{"line":73,"column":2},"end":{"line":73,"column":null}},{"start":{},"end":{}}],"line":73}},"s":{"0":1,"1":2,"2":1,"3":1,"4":4,"5":1,"6":2,"7":0,"8":2,"9":4,"10":2,"11":1,"12":3,"13":1,"14":2,"15":2,"16":1,"17":0,"18":1,"19":0,"20":1,"21":0,"22":0,"23":0,"24":0,"25":1,"26":0,"27":0,"28":0,"29":0,"30":0,"31":0,"32":0,"33":0,"34":0,"35":0,"36":0,"37":0,"38":1,"39":0,"40":0,"41":0,"42":0,"43":1,"44":0,"45":0,"46":0,"47":1,"48":0,"49":0,"50":0,"51":1,"52":0,"53":0,"54":0,"55":0,"56":0,"57":0,"58":0},"f":{"0":2,"1":4,"2":2,"3":4,"4":2,"5":3,"6":0,"7":0,"8":0,"9":0,"10":0,"11":0,"12":0,"13":0,"14":0,"15":0,"16":0},"b":{"0":[1,1],"1":[2,2],"2":[4,0],"3":[0,2],"4":[2,2],"5":[2,0],"6":[1,2],"7":[3,2],"8":[1,1],"9":[0],"10":[0,0],"11":[0,0],"12":[0,0],"13":[0,0],"14":[0,0],"15":[0,0],"16":[0,0],"17":[0,0],"18":[0,0],"19":[0,0],"20":[0,0],"21":[0,0],"22":[0,0],"23":[0,0]},"meta":{"lastBranch":24,"lastFunction":17,"lastStatement":59,"seen":{"s:1:13:3:Infinity":0,"f:1:13:1:39":0,"b:2:2:2:Infinity:undefined:undefined:undefined:undefined":0,"s:2:2:2:Infinity":1,"b:2:6:2:18:2:18:2:40":1,"s:2:40:2:Infinity":2,"s:3:2:3:Infinity":3,"f:3:17:3:25":1,"s:3:39:3:67":4,"b:3:46:3:63:3:63:3:67":2,"s:7:13:11:Infinity":5,"f:7:13:7:38":2,"b:8:2:8:Infinity:undefined:undefined:undefined:undefined":3,"s:8:2:8:Infinity":6,"b:8:6:8:18:8:18:8:40":4,"s:8:40:8:Infinity":7,"s:9:2:11:Infinity":8,"f:10:5:10:12":3,"s:10:20:10:47":9,"f:11:5:11:13":4,"s:11:27:11:55":10,"b:11:34:11:51:11:51:11:55":5,"s:15:13:18:Infinity":11,"f:15:13:15:38":5,"b:16:2:16:Infinity:undefined:undefined:undefined:undefined":6,"s:16:2:16:Infinity":12,"b:16:6:16:15:16:15:16:26":7,"s:16:26:16:Infinity":13,"s:17:22:17:Infinity":14,"s:18:2:18:Infinity":15,"b:18:28:18:34:18:34:18:56":8,"s:21:13:22:Infinity":16,"f:21:13:21:33":6,"s:22:2:22:Infinity":17,"s:25:13:26:Infinity":18,"f:25:13:25:32":7,"s:26:2:26:Infinity":19,"s:29:13:39:Infinity":20,"f:29:13:29:30":8,"b:29:40:29:42":9,"b:30:2:30:Infinity:undefined:undefined:undefined:undefined":10,"s:30:2:30:Infinity":21,"s:30:31:30:Infinity":22,"s:31:2:39:Infinity":23,"f:31:17:31:Infinity":9,"s:32:21:37:Infinity":24,"b:33:32:33:54:33:58:33:Infinity":11,"b:34:30:34:51:34:55:34:Infinity":12,"b:35:22:35:39:35:43:35:Infinity":13,"b:36:26:36:45:36:49:36:Infinity":14,"s:42:13:54:Infinity":25,"f:42:13:42:31":10,"b:44:2:44:Infinity:undefined:undefined:undefined:undefined":15,"s:44:2:44:Infinity":26,"b:44:6:44:18:44:18:44:26":16,"s:44:26:44:Infinity":27,"b:45:2:45:Infinity:undefined:undefined:undefined:undefined":17,"s:45:2:45:Infinity":28,"s:45:29:45:Infinity":29,"s:47:17:47:19":30,"s:48:2:52:Infinity":31,"s:48:15:48:18":32,"s:49:17:49:Infinity":33,"s:50:4:52:Infinity":34,"f:51:7:51:14":11,"s:51:22:51:45":35,"f:52:7:52:15":12,"s:52:29:52:57":36,"b:52:36:52:53:52:53:52:57":18,"s:54:2:54:Infinity":37,"s:57:13:60:Infinity":38,"f:57:13:57:31":13,"b:58:2:58:Infinity:undefined:undefined:undefined:undefined":19,"s:58:2:58:Infinity":39,"b:58:6:58:16:58:16:58:28":20,"s:58:28:58:Infinity":40,"s:59:22:59:Infinity":41,"s:60:2:60:Infinity":42,"b:60:28:60:34:60:34:60:56":21,"s:63:13:69:Infinity":43,"f:63:13:63:31":14,"b:64:2:64:Infinity:undefined:undefined:undefined:undefined":22,"s:64:2:64:Infinity":44,"s:64:13:64:Infinity":45,"s:65:2:69:Infinity":46,"s:72:13:77:Infinity":47,"f:72:13:72:27":15,"b:73:2:73:Infinity:undefined:undefined:undefined:undefined":23,"s:73:2:73:Infinity":48,"s:73:13:73:Infinity":49,"s:74:2:77:Infinity":50,"s:80:13:87:Infinity":51,"f:80:13:80:34":16,"s:81:15:81:17":52,"s:82:2:85:Infinity":53,"s:82:15:82:18":54,"s:83:17:83:27":55,"s:84:4:84:Infinity":56,"s:85:4:85:Infinity":57,"s:87:2:87:Infinity":58}}}
}
